<?xml version="1.0" encoding="UTF-8"?>
<!-- Generated by org.testng.reporters.JUnitReportReporter -->
<testsuite hostname="LenovoPC" name="Framework.StartTest" tests="1" failures="0" timestamp="10 Oct 2018 19:35:12 GMT" time="0.010" errors="0">
  <testcase name="loginPage" time="0.010" classname="Framework.StartTest"/>
</testsuite> <!-- Framework.StartTest -->
